<?xml version="1.0" encoding="UTF-8"?>
<testng-results ignored="0" total="1" passed="1" failed="0" skipped="0">
  <reporter-output>
  </reporter-output>
  <suite started-at="2025-10-20T13:38:54 IST" name="Default suite" finished-at="2025-10-20T13:39:01 IST" duration-ms="6815">
    <groups>
    </groups>
    <test started-at="2025-10-20T13:38:54 IST" name="Default test" finished-at="2025-10-20T13:39:01 IST" duration-ms="6815">
      <class name="testCases.LoginPage_01">
        <test-method is-config="true" signature="setup()[pri:0, instance:testCases.LoginPage_01@3cc1435c]" started-at="2025-10-20T13:38:55 IST" name="setup" finished-at="2025-10-20T13:38:59 IST" duration-ms="4726" status="PASS">
          <reporter-output>
          </reporter-output>
        </test-method> <!-- setup -->
        <test-method signature="login_page()[pri:0, instance:testCases.LoginPage_01@3cc1435c]" started-at="2025-10-20T13:38:59 IST" name="login_page" finished-at="2025-10-20T13:39:01 IST" duration-ms="1724" status="PASS">
          <reporter-output>
          </reporter-output>
        </test-method> <!-- login_page -->
        <test-method is-config="true" signature="tearDown()[pri:0, instance:testCases.LoginPage_01@3cc1435c]" started-at="2025-10-20T13:39:01 IST" name="tearDown" finished-at="2025-10-20T13:39:01 IST" duration-ms="181" status="PASS">
          <reporter-output>
          </reporter-output>
        </test-method> <!-- tearDown -->
      </class> <!-- testCases.LoginPage_01 -->
    </test> <!-- Default test -->
  </suite> <!-- Default suite -->
</testng-results>
